<?xml version="1.0" encoding="UTF-8"?>
<testsuite name="com.playground.paramaters.computerModels.ComputerModelTest" tests="1" skipped="0" failures="0" errors="0" timestamp="2022-05-03T17:35:10" hostname="LAPTOP-1U7U8C9H" time="0.008">
  <properties/>
  <testcase name="testGetSerial" classname="com.playground.paramaters.computerModels.ComputerModelTest" time="0.008"/>
  <system-out><![CDATA[Computer: || SerialNum: 0000|| price: 0$|| Purchased: 
]]></system-out>
  <system-err><![CDATA[]]></system-err>
</testsuite>
